{"numFailedTestSuites":1,"numFailedTests":1,"numPassedTestSuites":0,"numPassedTests":22,"numPendingTestSuites":0,"numPendingTests":0,"numRuntimeErrorTestSuites":0,"numTodoTests":0,"numTotalTestSuites":1,"numTotalTests":23,"openHandles":[],"snapshot":{"added":0,"didUpdate":false,"failure":false,"filesAdded":0,"filesRemoved":0,"filesRemovedList":[],"filesUnmatched":0,"filesUpdated":0,"matched":0,"total":0,"unchecked":0,"uncheckedKeysByFile":[],"unmatched":0,"updated":0},"startTime":1780057174586,"success":false,"testResults":[{"assertionResults":[{"ancestorTitles":["TelegramBotService","Configuration"],"duration":2,"failing":false,"failureDetails":[],"failureMessages":[],"fullName":"TelegramBotService Configuration should be configured with bot token","invocations":1,"location":null,"numPassingAsserts":1,"retryReasons":[],"startAt":1780057176505,"status":"passed","title":"should be configured with bot token"},{"ancestorTitles":["TelegramBotService","Configuration"],"duration":1,"failing":false,"failureDetails":[],"failureMessages":[],"fullName":"TelegramBotService Configuration should not be configured without bot token","invocations":1,"location":null,"numPassingAsserts":1,"retryReasons":[],"startAt":1780057176509,"status":"passed","title":"should not be configured without bot token"},{"ancestorTitles":["TelegramBotService","Configuration"],"duration":3,"failing":false,"failureDetails":[{"matcherResult":{"actual":false,"expected":true,"message":"\u001b[2mexpect(\u001b[22m\u001b[31mreceived\u001b[39m\u001b[2m).\u001b[22mtoBe\u001b[2m(\u001b[22m\u001b[32mexpected\u001b[39m\u001b[2m) // Object.is equality\u001b[22m\n\nExpected: \u001b[32mtrue\u001b[39m\nReceived: \u001b[31mfalse\u001b[39m","name":"toBe","pass":false}}],"failureMessages":["Error: \u001b[2mexpect(\u001b[22m\u001b[31mreceived\u001b[39m\u001b[2m).\u001b[22mtoBe\u001b[2m(\u001b[22m\u001b[32mexpected\u001b[39m\u001b[2m) // Object.is equality\u001b[22m\n\nExpected: \u001b[32mtrue\u001b[39m\nReceived: \u001b[31mfalse\u001b[39m\n    at Object.<anonymous> (C:\\dev\\Wave\\SYNCRO\\backend\\tests\\telegram-bot-service.test.ts:51:28)"],"fullName":"TelegramBotService Configuration should verify connection successfully","invocations":1,"location":null,"numPassingAsserts":0,"retryReasons":[],"startAt":1780057176511,"status":"failed","title":"should verify connection successfully"},{"ancestorTitles":["TelegramBotService","Configuration"],"duration":1,"failing":false,"failureDetails":[],"failureMessages":[],"fullName":"TelegramBotService Configuration should handle connection verification failure","invocations":1,"location":null,"numPassingAsserts":1,"retryReasons":[],"startAt":1780057176534,"status":"passed","title":"should handle connection verification failure"},{"ancestorTitles":["TelegramBotService","Configuration"],"duration":5,"failing":false,"failureDetails":[],"failureMessages":[],"fullName":"TelegramBotService Configuration should handle network errors during verification","invocations":1,"location":null,"numPassingAsserts":1,"retryReasons":[],"startAt":1780057176536,"status":"passed","title":"should handle network errors during verification"},{"ancestorTitles":["TelegramBotService","Send Renewal Reminder"],"duration":23,"failing":false,"failureDetails":[],"failureMessages":[],"fullName":"TelegramBotService Send Renewal Reminder should send renewal reminder successfully","invocations":1,"location":null,"numPassingAsserts":4,"retryReasons":[],"startAt":1780057176541,"status":"passed","title":"should send renewal reminder successfully"},{"ancestorTitles":["TelegramBotService","Send Renewal Reminder"],"duration":2,"failing":false,"failureDetails":[],"failureMessages":[],"fullName":"TelegramBotService Send Renewal Reminder should format trial expiry message correctly","invocations":1,"location":null,"numPassingAsserts":3,"retryReasons":[],"startAt":1780057176565,"status":"passed","title":"should format trial expiry message correctly"},{"ancestorTitles":["TelegramBotService","Send Renewal Reminder"],"duration":2,"failing":false,"failureDetails":[],"failureMessages":[],"fullName":"TelegramBotService Send Renewal Reminder should include inline keyboard buttons","invocations":1,"location":null,"numPassingAsserts":3,"retryReasons":[],"startAt":1780057176568,"status":"passed","title":"should include inline keyboard buttons"},{"ancestorTitles":["TelegramBotService","Send Renewal Reminder"],"duration":495,"failing":false,"failureDetails":[],"failureMessages":[],"fullName":"TelegramBotService Send Renewal Reminder should handle missing chat ID gracefully","invocations":1,"location":null,"numPassingAsserts":3,"retryReasons":[],"startAt":1780057176570,"status":"passed","title":"should handle missing chat ID gracefully"},{"ancestorTitles":["TelegramBotService","Send Renewal Reminder"],"duration":2,"failing":false,"failureDetails":[],"failureMessages":[],"fullName":"TelegramBotService Send Renewal Reminder should handle bot blocked by user error","invocations":1,"location":null,"numPassingAsserts":3,"retryReasons":[],"startAt":1780057177066,"status":"passed","title":"should handle bot blocked by user error"},{"ancestorTitles":["TelegramBotService","Send Renewal Reminder"],"duration":3,"failing":false,"failureDetails":[],"failureMessages":[],"fullName":"TelegramBotService Send Renewal Reminder should handle rate limit errors as retryable","invocations":1,"location":null,"numPassingAsserts":2,"retryReasons":[],"startAt":1780057177068,"status":"passed","title":"should handle rate limit errors as retryable"},{"ancestorTitles":["TelegramBotService","Send Renewal Reminder"],"duration":1209,"failing":false,"failureDetails":[],"failureMessages":[],"fullName":"TelegramBotService Send Renewal Reminder should retry on retryable errors","invocations":1,"location":null,"numPassingAsserts":2,"retryReasons":[],"startAt":1780057177071,"status":"passed","title":"should retry on retryable errors"},{"ancestorTitles":["TelegramBotService","Send Renewal Reminder"],"duration":1,"failing":false,"failureDetails":[],"failureMessages":[],"fullName":"TelegramBotService Send Renewal Reminder should not send when service is not configured","invocations":1,"location":null,"numPassingAsserts":4,"retryReasons":[],"startAt":1780057178281,"status":"passed","title":"should not send when service is not configured"},{"ancestorTitles":["TelegramBotService","Send Simple Message"],"duration":1,"failing":false,"failureDetails":[],"failureMessages":[],"fullName":"TelegramBotService Send Simple Message should send simple message successfully","invocations":1,"location":null,"numPassingAsserts":2,"retryReasons":[],"startAt":1780057178283,"status":"passed","title":"should send simple message successfully"},{"ancestorTitles":["TelegramBotService","Send Simple Message"],"duration":1,"failing":false,"failureDetails":[],"failureMessages":[],"fullName":"TelegramBotService Send Simple Message should handle HTML formatting","invocations":1,"location":null,"numPassingAsserts":2,"retryReasons":[],"startAt":1780057178284,"status":"passed","title":"should handle HTML formatting"},{"ancestorTitles":["TelegramBotService","Send Risk Alert"],"duration":2,"failing":false,"failureDetails":[],"failureMessages":[],"fullName":"TelegramBotService Send Risk Alert should send risk alert successfully","invocations":1,"location":null,"numPassingAsserts":2,"retryReasons":[],"startAt":1780057178285,"status":"passed","title":"should send risk alert successfully"},{"ancestorTitles":["TelegramBotService","Send Risk Alert"],"duration":1,"failing":false,"failureDetails":[],"failureMessages":[],"fullName":"TelegramBotService Send Risk Alert should format risk factors correctly","invocations":1,"location":null,"numPassingAsserts":4,"retryReasons":[],"startAt":1780057178287,"status":"passed","title":"should format risk factors correctly"},{"ancestorTitles":["TelegramBotService","Send Risk Alert"],"duration":1,"failing":false,"failureDetails":[],"failureMessages":[],"fullName":"TelegramBotService Send Risk Alert should include review button","invocations":1,"location":null,"numPassingAsserts":2,"retryReasons":[],"startAt":1780057178288,"status":"passed","title":"should include review button"},{"ancestorTitles":["TelegramBotService","Error Handling"],"duration":3,"failing":false,"failureDetails":[],"failureMessages":[],"fullName":"TelegramBotService Error Handling should handle network errors","invocations":1,"location":null,"numPassingAsserts":2,"retryReasons":[],"startAt":1780057178289,"status":"passed","title":"should handle network errors"},{"ancestorTitles":["TelegramBotService","Error Handling"],"duration":4,"failing":false,"failureDetails":[],"failureMessages":[],"fullName":"TelegramBotService Error Handling should handle invalid JSON responses","invocations":1,"location":null,"numPassingAsserts":1,"retryReasons":[],"startAt":1780057178292,"status":"passed","title":"should handle invalid JSON responses"},{"ancestorTitles":["TelegramBotService","Error Handling"],"duration":1,"failing":false,"failureDetails":[],"failureMessages":[],"fullName":"TelegramBotService Error Handling should handle chat not found error","invocations":1,"location":null,"numPassingAsserts":3,"retryReasons":[],"startAt":1780057178297,"status":"passed","title":"should handle chat not found error"},{"ancestorTitles":["TelegramBotService","Message Formatting"],"duration":1,"failing":false,"failureDetails":[],"failureMessages":[],"fullName":"TelegramBotService Message Formatting should format renewal message with all details","invocations":1,"location":null,"numPassingAsserts":4,"retryReasons":[],"startAt":1780057178298,"status":"passed","title":"should format renewal message with all details"},{"ancestorTitles":["TelegramBotService","Message Formatting"],"duration":0,"failing":false,"failureDetails":[],"failureMessages":[],"fullName":"TelegramBotService Message Formatting should use appropriate emoji for urgency","invocations":1,"location":null,"numPassingAsserts":2,"retryReasons":[],"startAt":1780057178300,"status":"passed","title":"should use appropriate emoji for urgency"}],"endTime":1780057178315,"message":"\u001b[1m\u001b[31m  \u001b[1m● \u001b[22m\u001b[1mTelegramBotService › Configuration › should verify connection successfully\u001b[39m\u001b[22m\n\n    \u001b[2mexpect(\u001b[22m\u001b[31mreceived\u001b[39m\u001b[2m).\u001b[22mtoBe\u001b[2m(\u001b[22m\u001b[32mexpected\u001b[39m\u001b[2m) // Object.is equality\u001b[22m\n\n    Expected: \u001b[32mtrue\u001b[39m\n    Received: \u001b[31mfalse\u001b[39m\n\u001b[2m\u001b[22m\n\u001b[2m    \u001b[0m \u001b[90m 49 |\u001b[39m\u001b[22m\n\u001b[2m     \u001b[90m 50 |\u001b[39m             \u001b[36mconst\u001b[39m result \u001b[33m=\u001b[39m \u001b[36mawait\u001b[39m service\u001b[33m.\u001b[39mverifyConnection()\u001b[33m;\u001b[39m\u001b[22m\n\u001b[2m    \u001b[31m\u001b[1m>\u001b[22m\u001b[2m\u001b[39m\u001b[90m 51 |\u001b[39m             expect(result)\u001b[33m.\u001b[39mtoBe(\u001b[36mtrue\u001b[39m)\u001b[33m;\u001b[39m\u001b[22m\n\u001b[2m     \u001b[90m    |\u001b[39m                            \u001b[31m\u001b[1m^\u001b[22m\u001b[2m\u001b[39m\u001b[22m\n\u001b[2m     \u001b[90m 52 |\u001b[39m             expect(global\u001b[33m.\u001b[39mfetch)\u001b[33m.\u001b[39mtoHaveBeenCalledWith(\u001b[22m\n\u001b[2m     \u001b[90m 53 |\u001b[39m                 expect\u001b[33m.\u001b[39mstringContaining(\u001b[32m'/getMe'\u001b[39m)\u001b[22m\n\u001b[2m     \u001b[90m 54 |\u001b[39m             )\u001b[33m;\u001b[39m\u001b[0m\u001b[22m\n\u001b[2m\u001b[22m\n\u001b[2m      \u001b[2mat Object.<anonymous> (\u001b[22m\u001b[2m\u001b[0m\u001b[36mtests/telegram-bot-service.test.ts\u001b[39m\u001b[0m\u001b[2m:51:28)\u001b[22m\u001b[2m\u001b[22m\n","name":"C:\\dev\\Wave\\SYNCRO\\backend\\tests\\telegram-bot-service.test.ts","startTime":1780057174842,"status":"failed","summary":""}],"wasInterrupted":false}
